The system is: Darwin - 19.0.0 - x86_64
Compiling the C compiler identification source file "CMakeCCompilerId.c" succeeded.
Compiler:  
Build flags: 
Id flags:  

The output was:
0
note: Using new build system
note: Planning build
note: Constructing build description
Build system information
warning: Traditional headermap style is no longer supported; please migrate to using separate headermaps and set 'ALWAYS_SEARCH_USER_PATHS' to NO. (in target 'CompilerIdC')

CreateBuildDirectory /Users/liuwei/Desktop/GLL/freetype/build/CMakeFiles/3.15.0-rc1/CompilerIdC (in target: CompilerIdC)
    cd /Users/liuwei/Desktop/GLL/freetype/build/CMakeFiles/3.15.0-rc1/CompilerIdC
    builtin-create-build-directory /Users/liuwei/Desktop/GLL/freetype/build/CMakeFiles/3.15.0-rc1/CompilerIdC

WriteAuxiliaryFile /Users/liuwei/Desktop/GLL/freetype/build/CMakeFiles/3.15.0-rc1/CompilerIdC/CompilerIdC.build/Debug/CompilerIdC.build/CompilerIdC-generated-files.hmap (in target: CompilerIdC)
    cd /Users/liuwei/Desktop/GLL/freetype/build/CMakeFiles/3.15.0-rc1/CompilerIdC
    write-file /Users/liuwei/Desktop/GLL/freetype/build/CMakeFiles/3.15.0-rc1/CompilerIdC/CompilerIdC.build/Debug/CompilerIdC.build/CompilerIdC-generated-files.hmap

WriteAuxiliaryFile /Users/liuwei/Desktop/GLL/freetype/build/CMakeFiles/3.15.0-rc1/CompilerIdC/CompilerIdC.build/Debug/CompilerIdC.build/CompilerIdC-all-non-framework-target-headers.hmap (in target: CompilerIdC)
    cd /Users/liuwei/Desktop/GLL/freetype/build/CMakeFiles/3.15.0-rc1/CompilerIdC
    write-file /Users/liuwei/Desktop/GLL/freetype/build/CMakeFiles/3.15.0-rc1/CompilerIdC/CompilerIdC.build/Debug/CompilerIdC.build/CompilerIdC-all-non-framework-target-headers.hmap

WriteAuxiliaryFile /Users/liuwei/Desktop/GLL/freetype/build/CMakeFiles/3.15.0-rc1/CompilerIdC/CompilerIdC.build/Debug/CompilerIdC.build/CompilerIdC-own-target-headers.hmap (in target: CompilerIdC)
    cd /Users/liuwei/Desktop/GLL/freetype/build/CMakeFiles/3.15.0-rc1/CompilerIdC
    write-file /Users/liuwei/Desktop/GLL/freetype/build/CMakeFiles/3.15.0-rc1/CompilerIdC/CompilerIdC.build/Debug/CompilerIdC.build/CompilerIdC-own-target-headers.hmap

WriteAuxiliaryFile /Users/liuwei/Desktop/GLL/freetype/build/CMakeFiles/3.15.0-rc1/CompilerIdC/CompilerIdC.build/Debug/CompilerIdC.build/all-product-headers.yaml (in target: CompilerIdC)
    cd /Users/liuwei/Desktop/GLL/freetype/build/CMakeFiles/3.15.0-rc1/CompilerIdC
    write-file /Users/liuwei/Desktop/GLL/freetype/build/CMakeFiles/3.15.0-rc1/CompilerIdC/CompilerIdC.build/Debug/CompilerIdC.build/all-product-headers.yaml

WriteAuxiliaryFile /Users/liuwei/Desktop/GLL/freetype/build/CMakeFiles/3.15.0-rc1/CompilerIdC/CompilerIdC.build/Debug/CompilerIdC.build/CompilerIdC-all-target-headers.hmap (in target: CompilerIdC)
    cd /Users/liuwei/Desktop/GLL/freetype/build/CMakeFiles/3.15.0-rc1/CompilerIdC
    write-file /Users/liuwei/Desktop/GLL/freetype/build/CMakeFiles/3.15.0-rc1/CompilerIdC/CompilerIdC.build/Debug/CompilerIdC.build/CompilerIdC-all-target-headers.hmap

WriteAuxiliaryFile /Users/liuwei/Desktop/GLL/freetype/build/CMakeFiles/3.15.0-rc1/CompilerIdC/CompilerIdC.build/Debug/CompilerIdC.build/CompilerIdC-project-headers.hmap (in target: CompilerIdC)
    cd /Users/liuwei/Desktop/GLL/freetype/build/CMakeFiles/3.15.0-rc1/CompilerIdC
    write-file /Users/liuwei/Desktop/GLL/freetype/build/CMakeFiles/3.15.0-rc1/CompilerIdC/CompilerIdC.build/Debug/CompilerIdC.build/CompilerIdC-project-headers.hmap

WriteAuxiliaryFile /Users/liuwei/Desktop/GLL/freetype/build/CMakeFiles/3.15.0-rc1/CompilerIdC/CompilerIdC.build/Debug/CompilerIdC.build/CompilerIdC.hmap (in target: CompilerIdC)
    cd /Users/liuwei/Desktop/GLL/freetype/build/CMakeFiles/3.15.0-rc1/CompilerIdC
    write-file /Users/liuwei/Desktop/GLL/freetype/build/CMakeFiles/3.15.0-rc1/CompilerIdC/CompilerIdC.build/Debug/CompilerIdC.build/CompilerIdC.hmap

WriteAuxiliaryFile /Users/liuwei/Desktop/GLL/freetype/build/CMakeFiles/3.15.0-rc1/CompilerIdC/CompilerIdC.build/Debug/CompilerIdC.build/Objects-normal/x86_64/CompilerIdC.LinkFileList (in target: CompilerIdC)
    cd /Users/liuwei/Desktop/GLL/freetype/build/CMakeFiles/3.15.0-rc1/CompilerIdC
    write-file /Users/liuwei/Desktop/GLL/freetype/build/CMakeFiles/3.15.0-rc1/CompilerIdC/CompilerIdC.build/Debug/CompilerIdC.build/Objects-normal/x86_64/CompilerIdC.LinkFileList

CompileC /Users/liuwei/Desktop/GLL/freetype/build/CMakeFiles/3.15.0-rc1/CompilerIdC/CompilerIdC.build/Debug/CompilerIdC.build/Objects-normal/x86_64/CMakeCCompilerId.o /Users/liuwei/Desktop/GLL/freetype/build/CMakeFiles/3.15.0-rc1/CompilerIdC/CMakeCCompilerId.c normal x86_64 c com.apple.compilers.llvm.clang.1_0.compiler (in target: CompilerIdC)
    cd /Users/liuwei/Desktop/GLL/freetype/build/CMakeFiles/3.15.0-rc1/CompilerIdC
    export LANG=en_US.US-ASCII
    /Applications/Xcode.app/Contents/Developer/Toolchains/XcodeDefault.xctoolchain/usr/bin/clang -x c -arch x86_64 -fmessage-length=0 -fdiagnostics-show-note-include-stack -fmacro-backtrace-limit=0 -Wno-trigraphs -fpascal-strings -Os -Wno-missing-field-initializers -Wno-missing-prototypes -Wno-return-type -Wno-missing-braces -Wparentheses -Wswitch -Wno-unused-function -Wno-unused-label -Wno-unused-parameter -Wno-unused-variable -Wunused-value -Wno-empty-body -Wno-uninitialized -Wno-unknown-pragmas -Wno-shadow -Wno-four-char-constants -Wno-conversion -Wno-constant-conversion -Wno-int-conversion -Wno-bool-conversion -Wno-enum-conversion -Wno-float-conversion -Wno-non-literal-null-conversion -Wno-objc-literal-conversion -Wno-shorten-64-to-32 -Wpointer-sign -Wno-newline-eof -isysroot /Applications/Xcode.app/Contents/Developer/Platforms/MacOSX.platform/Developer/SDKs/MacOSX10.14.sdk -fasm-blocks -fstrict-aliasing -Wdeprecated-declarations -mmacosx-version-min=10.14 -g -fvisibility=hidden -Wno-sign-conversion -Wno-infinite-recursion -Wno-comma -Wno-block-capture-autoreleasing -Wno-strict-prototypes -Wno-semicolon-before-method-body -iquote /Users/liuwei/Desktop/GLL/freetype/build/CMakeFiles/3.15.0-rc1/CompilerIdC/CompilerIdC.build/Debug/CompilerIdC.build/CompilerIdC-generated-files.hmap -I/Users/liuwei/Desktop/GLL/freetype/build/CMakeFiles/3.15.0-rc1/CompilerIdC/CompilerIdC.build/Debug/CompilerIdC.build/CompilerIdC-own-target-headers.hmap -I/Users/liuwei/Desktop/GLL/freetype/build/CMakeFiles/3.15.0-rc1/CompilerIdC/CompilerIdC.build/Debug/CompilerIdC.build/CompilerIdC-all-target-headers.hmap -iquote /Users/liuwei/Desktop/GLL/freetype/build/CMakeFiles/3.15.0-rc1/CompilerIdC/CompilerIdC.build/Debug/CompilerIdC.build/CompilerIdC-project-headers.hmap -I/Users/liuwei/Desktop/GLL/freetype/build/CMakeFiles/3.15.0-rc1/CompilerIdC/include -I/Users/liuwei/Desktop/GLL/freetype/build/CMakeFiles/3.15.0-rc1/CompilerIdC/CompilerIdC.build/Debug/CompilerIdC.build/DerivedSources-normal/x86_64 -I/Users/liuwei/Desktop/GLL/freetype/build/CMakeFiles/3.15.0-rc1/CompilerIdC/CompilerIdC.build/Debug/CompilerIdC.build/DerivedSources/x86_64 -I/Users/liuwei/Desktop/GLL/freetype/build/CMakeFiles/3.15.0-rc1/CompilerIdC/CompilerIdC.build/Debug/CompilerIdC.build/DerivedSources -F/Users/liuwei/Desktop/GLL/freetype/build/CMakeFiles/3.15.0-rc1/CompilerIdC -MMD -MT dependencies -MF /Users/liuwei/Desktop/GLL/freetype/build/CMakeFiles/3.15.0-rc1/CompilerIdC/CompilerIdC.build/Debug/CompilerIdC.build/Objects-normal/x86_64/CMakeCCompilerId.d --serialize-diagnostics /Users/liuwei/Desktop/GLL/freetype/build/CMakeFiles/3.15.0-rc1/CompilerIdC/CompilerIdC.build/Debug/CompilerIdC.build/Objects-normal/x86_64/CMakeCCompilerId.dia -c /Users/liuwei/Desktop/GLL/freetype/build/CMakeFiles/3.15.0-rc1/CompilerIdC/CMakeCCompilerId.c -o /Users/liuwei/Desktop/GLL/freetype/build/CMakeFiles/3.15.0-rc1/CompilerIdC/CompilerIdC.build/Debug/CompilerIdC.build/Objects-normal/x86_64/CMakeCCompilerId.o

Ld /Users/liuwei/Desktop/GLL/freetype/build/CMakeFiles/3.15.0-rc1/CompilerIdC/CompilerIdC normal x86_64 (in target: CompilerIdC)
    cd /Users/liuwei/Desktop/GLL/freetype/build/CMakeFiles/3.15.0-rc1/CompilerIdC
    export MACOSX_DEPLOYMENT_TARGET=10.14
    /Applications/Xcode.app/Contents/Developer/Toolchains/XcodeDefault.xctoolchain/usr/bin/clang -arch x86_64 -isysroot /Applications/Xcode.app/Contents/Developer/Platforms/MacOSX.platform/Developer/SDKs/MacOSX10.14.sdk -L/Users/liuwei/Desktop/GLL/freetype/build/CMakeFiles/3.15.0-rc1/CompilerIdC -F/Users/liuwei/Desktop/GLL/freetype/build/CMakeFiles/3.15.0-rc1/CompilerIdC -filelist /Users/liuwei/Desktop/GLL/freetype/build/CMakeFiles/3.15.0-rc1/CompilerIdC/CompilerIdC.build/Debug/CompilerIdC.build/Objects-normal/x86_64/CompilerIdC.LinkFileList -mmacosx-version-min=10.14 -Xlinker -object_path_lto -Xlinker /Users/liuwei/Desktop/GLL/freetype/build/CMakeFiles/3.15.0-rc1/CompilerIdC/CompilerIdC.build/Debug/CompilerIdC.build/Objects-normal/x86_64/CompilerIdC_lto.o -Xlinker -dependency_info -Xlinker /Users/liuwei/Desktop/GLL/freetype/build/CMakeFiles/3.15.0-rc1/CompilerIdC/CompilerIdC.build/Debug/CompilerIdC.build/Objects-normal/x86_64/CompilerIdC_dependency_info.dat -o /Users/liuwei/Desktop/GLL/freetype/build/CMakeFiles/3.15.0-rc1/CompilerIdC/CompilerIdC

WriteAuxiliaryFile /Users/liuwei/Desktop/GLL/freetype/build/CMakeFiles/3.15.0-rc1/CompilerIdC/CompilerIdC.build/Debug/CompilerIdC.build/Script-2C8FEB8E15DC1A1A00E56A5D.sh (in target: CompilerIdC)
    cd /Users/liuwei/Desktop/GLL/freetype/build/CMakeFiles/3.15.0-rc1/CompilerIdC
    write-file /Users/liuwei/Desktop/GLL/freetype/build/CMakeFiles/3.15.0-rc1/CompilerIdC/CompilerIdC.build/Debug/CompilerIdC.build/Script-2C8FEB8E15DC1A1A00E56A5D.sh

PhaseScriptExecution Run\ Script /Users/liuwei/Desktop/GLL/freetype/build/CMakeFiles/3.15.0-rc1/CompilerIdC/CompilerIdC.build/Debug/CompilerIdC.build/Script-2C8FEB8E15DC1A1A00E56A5D.sh (in target: CompilerIdC)
    cd /Users/liuwei/Desktop/GLL/freetype/build/CMakeFiles/3.15.0-rc1/CompilerIdC
    /bin/sh -c /Users/liuwei/Desktop/GLL/freetype/build/CMakeFiles/3.15.0-rc1/CompilerIdC/CompilerIdC.build/Debug/CompilerIdC.build/Script-2C8FEB8E15DC1A1A00E56A5D.sh
GCC_VERSION=com.apple.compilers.llvm.clang.1_0
ARCHS=x86_64

** BUILD SUCCEEDED **



Compilation of the C compiler identification source "CMakeCCompilerId.c" produced "CompilerIdC"

The C compiler identification is AppleClang, found in "/System/Volumes/Data/Users/liuwei/Desktop/GLL/freetype/build/CMakeFiles/3.15.0-rc1/CompilerIdC/CompilerIdC"

Determining if the C compiler works passed with the following output:
Change Dir: /System/Volumes/Data/Users/liuwei/Desktop/GLL/freetype/build/CMakeFiles/CMakeTmp

Run Build Command(s):/usr/bin/xcodebuild -project CMAKE_TRY_COMPILE.xcodeproj build -target cmTC_affae -configuration Debug -hideShellScriptEnvironment && User defaults from command line:
    HideShellScriptEnvironment = YES

Prepare build
note: Using legacy build system

=== BUILD TARGET cmTC_affae OF PROJECT CMAKE_TRY_COMPILE WITH CONFIGURATION Debug ===

Check dependencies

Write auxiliary files
/bin/mkdir -p /System/Volumes/Data/Users/liuwei/Desktop/GLL/freetype/build/CMakeFiles/CMakeTmp/CMAKE_TRY_COMPILE.build/Debug/cmTC_affae.build/Objects-normal/x86_64
write-file /System/Volumes/Data/Users/liuwei/Desktop/GLL/freetype/build/CMakeFiles/CMakeTmp/CMAKE_TRY_COMPILE.build/Debug/cmTC_affae.build/Objects-normal/x86_64/cmTC_affae.LinkFileList

CompileC /System/Volumes/Data/Users/liuwei/Desktop/GLL/freetype/build/CMakeFiles/CMakeTmp/CMAKE_TRY_COMPILE.build/Debug/cmTC_affae.build/Objects-normal/x86_64/testCCompiler.o testCCompiler.c normal x86_64 c com.apple.compilers.llvm.clang.1_0.compiler
    cd /Users/liuwei/Desktop/GLL/freetype/build/CMakeFiles/CMakeTmp
    /Applications/Xcode.app/Contents/Developer/Toolchains/XcodeDefault.xctoolchain/usr/bin/clang -x c -arch x86_64 -fmessage-length=0 -fdiagnostics-show-note-include-stack -fmacro-backtrace-limit=0 -Wno-trigraphs -fpascal-strings -O0 -Wno-missing-field-initializers -Wno-missing-prototypes -Wno-return-type -Wno-missing-braces -Wparentheses -Wswitch -Wno-unused-function -Wno-unused-label -Wno-unused-parameter -Wno-unused-variable -Wunused-value -Wno-empty-body -Wno-uninitialized -Wno-unknown-pragmas -Wno-shadow -Wno-four-char-constants -Wno-conversion -Wno-constant-conversion -Wno-int-conversion -Wno-bool-conversion -Wno-enum-conversion -Wno-float-conversion -Wno-non-literal-null-conversion -Wno-objc-literal-conversion -Wno-shorten-64-to-32 -Wpointer-sign -Wno-newline-eof -DCMAKE_INTDIR=\"Debug\" -isysroot /Applications/Xcode.app/Contents/Developer/Platforms/MacOSX.platform/Developer/SDKs/MacOSX10.14.sdk -fasm-blocks -fstrict-aliasing -Wdeprecated-declarations -mmacosx-version-min=10.14 -g -Wno-sign-conversion -Wno-infinite-recursion -Wno-comma -Wno-block-capture-autoreleasing -Wno-strict-prototypes -Wno-semicolon-before-method-body -I/System/Volumes/Data/Users/liuwei/Desktop/GLL/freetype/build/CMakeFiles/CMakeTmp/Debug/include -I/System/Volumes/Data/Users/liuwei/Desktop/GLL/freetype/build/CMakeFiles/CMakeTmp/CMAKE_TRY_COMPILE.build/Debug/cmTC_affae.build/DerivedSources-normal/x86_64 -I/System/Volumes/Data/Users/liuwei/Desktop/GLL/freetype/build/CMakeFiles/CMakeTmp/CMAKE_TRY_COMPILE.build/Debug/cmTC_affae.build/DerivedSources/x86_64 -I/System/Volumes/Data/Users/liuwei/Desktop/GLL/freetype/build/CMakeFiles/CMakeTmp/CMAKE_TRY_COMPILE.build/Debug/cmTC_affae.build/DerivedSources -Wmost -Wno-four-char-constants -Wno-unknown-pragmas -F/System/Volumes/Data/Users/liuwei/Desktop/GLL/freetype/build/CMakeFiles/CMakeTmp/Debug -MMD -MT dependencies -MF /System/Volumes/Data/Users/liuwei/Desktop/GLL/freetype/build/CMakeFiles/CMakeTmp/CMAKE_TRY_COMPILE.build/Debug/cmTC_affae.build/Objects-normal/x86_64/testCCompiler.d --serialize-diagnostics /System/Volumes/Data/Users/liuwei/Desktop/GLL/freetype/build/CMakeFiles/CMakeTmp/CMAKE_TRY_COMPILE.build/Debug/cmTC_affae.build/Objects-normal/x86_64/testCCompiler.dia -c /Users/liuwei/Desktop/GLL/freetype/build/CMakeFiles/CMakeTmp/testCCompiler.c -o /System/Volumes/Data/Users/liuwei/Desktop/GLL/freetype/build/CMakeFiles/CMakeTmp/CMAKE_TRY_COMPILE.build/Debug/cmTC_affae.build/Objects-normal/x86_64/testCCompiler.o

Ld /System/Volumes/Data/Users/liuwei/Desktop/GLL/freetype/build/CMakeFiles/CMakeTmp/Debug/cmTC_affae normal x86_64
    cd /Users/liuwei/Desktop/GLL/freetype/build/CMakeFiles/CMakeTmp
    /Applications/Xcode.app/Contents/Developer/Toolchains/XcodeDefault.xctoolchain/usr/bin/clang -arch x86_64 -isysroot /Applications/Xcode.app/Contents/Developer/Platforms/MacOSX.platform/Developer/SDKs/MacOSX10.14.sdk -L/System/Volumes/Data/Users/liuwei/Desktop/GLL/freetype/build/CMakeFiles/CMakeTmp/Debug -F/System/Volumes/Data/Users/liuwei/Desktop/GLL/freetype/build/CMakeFiles/CMakeTmp/Debug -filelist /System/Volumes/Data/Users/liuwei/Desktop/GLL/freetype/build/CMakeFiles/CMakeTmp/CMAKE_TRY_COMPILE.build/Debug/cmTC_affae.build/Objects-normal/x86_64/cmTC_affae.LinkFileList -mmacosx-version-min=10.14 -Xlinker -object_path_lto -Xlinker /System/Volumes/Data/Users/liuwei/Desktop/GLL/freetype/build/CMakeFiles/CMakeTmp/CMAKE_TRY_COMPILE.build/Debug/cmTC_affae.build/Objects-normal/x86_64/cmTC_affae_lto.o -Xlinker -no_deduplicate -Wl,-search_paths_first -Wl,-headerpad_max_install_names -Xlinker -dependency_info -Xlinker /System/Volumes/Data/Users/liuwei/Desktop/GLL/freetype/build/CMakeFiles/CMakeTmp/CMAKE_TRY_COMPILE.build/Debug/cmTC_affae.build/Objects-normal/x86_64/cmTC_affae_dependency_info.dat -o /System/Volumes/Data/Users/liuwei/Desktop/GLL/freetype/build/CMakeFiles/CMakeTmp/Debug/cmTC_affae

** BUILD SUCCEEDED **




Detecting C compiler ABI info compiled with the following output:
Change Dir: /System/Volumes/Data/Users/liuwei/Desktop/GLL/freetype/build/CMakeFiles/CMakeTmp

Run Build Command(s):/usr/bin/xcodebuild -project CMAKE_TRY_COMPILE.xcodeproj build -target cmTC_e4d76 -configuration Debug -hideShellScriptEnvironment && User defaults from command line:
    HideShellScriptEnvironment = YES

Prepare build
note: Using legacy build system

=== BUILD TARGET cmTC_e4d76 OF PROJECT CMAKE_TRY_COMPILE WITH CONFIGURATION Debug ===

Check dependencies

Write auxiliary files
/bin/mkdir -p /System/Volumes/Data/Users/liuwei/Desktop/GLL/freetype/build/CMakeFiles/CMakeTmp/CMAKE_TRY_COMPILE.build/Debug/cmTC_e4d76.build/Objects-normal/x86_64
write-file /System/Volumes/Data/Users/liuwei/Desktop/GLL/freetype/build/CMakeFiles/CMakeTmp/CMAKE_TRY_COMPILE.build/Debug/cmTC_e4d76.build/Objects-normal/x86_64/cmTC_e4d76.LinkFileList

CompileC /System/Volumes/Data/Users/liuwei/Desktop/GLL/freetype/build/CMakeFiles/CMakeTmp/CMAKE_TRY_COMPILE.build/Debug/cmTC_e4d76.build/Objects-normal/x86_64/CMakeCCompilerABI.o /Applications/CMake.app/Contents/share/cmake-3.15/Modules/CMakeCCompilerABI.c normal x86_64 c com.apple.compilers.llvm.clang.1_0.compiler
    cd /Users/liuwei/Desktop/GLL/freetype/build/CMakeFiles/CMakeTmp
    /Applications/Xcode.app/Contents/Developer/Toolchains/XcodeDefault.xctoolchain/usr/bin/clang -x c -arch x86_64 -fmessage-length=0 -fdiagnostics-show-note-include-stack -fmacro-backtrace-limit=0 -Wno-trigraphs -fpascal-strings -O0 -Wno-missing-field-initializers -Wno-missing-prototypes -Wno-return-type -Wno-missing-braces -Wparentheses -Wswitch -Wno-unused-function -Wno-unused-label -Wno-unused-parameter -Wno-unused-variable -Wunused-value -Wno-empty-body -Wno-uninitialized -Wno-unknown-pragmas -Wno-shadow -Wno-four-char-constants -Wno-conversion -Wno-constant-conversion -Wno-int-conversion -Wno-bool-conversion -Wno-enum-conversion -Wno-float-conversion -Wno-non-literal-null-conversion -Wno-objc-literal-conversion -Wno-shorten-64-to-32 -Wpointer-sign -Wno-newline-eof -DCMAKE_INTDIR=\"Debug\" -isysroot /Applications/Xcode.app/Contents/Developer/Platforms/MacOSX.platform/Developer/SDKs/MacOSX10.14.sdk -fasm-blocks -fstrict-aliasing -Wdeprecated-declarations -mmacosx-version-min=10.14 -g -Wno-sign-conversion -Wno-infinite-recursion -Wno-comma -Wno-block-capture-autoreleasing -Wno-strict-prototypes -Wno-semicolon-before-method-body -I/System/Volumes/Data/Users/liuwei/Desktop/GLL/freetype/build/CMakeFiles/CMakeTmp/Debug/include -I/System/Volumes/Data/Users/liuwei/Desktop/GLL/freetype/build/CMakeFiles/CMakeTmp/CMAKE_TRY_COMPILE.build/Debug/cmTC_e4d76.build/DerivedSources-normal/x86_64 -I/System/Volumes/Data/Users/liuwei/Desktop/GLL/freetype/build/CMakeFiles/CMakeTmp/CMAKE_TRY_COMPILE.build/Debug/cmTC_e4d76.build/DerivedSources/x86_64 -I/System/Volumes/Data/Users/liuwei/Desktop/GLL/freetype/build/CMakeFiles/CMakeTmp/CMAKE_TRY_COMPILE.build/Debug/cmTC_e4d76.build/DerivedSources -Wmost -Wno-four-char-constants -Wno-unknown-pragmas -F/System/Volumes/Data/Users/liuwei/Desktop/GLL/freetype/build/CMakeFiles/CMakeTmp/Debug -v -Wl,-v -MMD -MT dependencies -MF /System/Volumes/Data/Users/liuwei/Desktop/GLL/freetype/build/CMakeFiles/CMakeTmp/CMAKE_TRY_COMPILE.build/Debug/cmTC_e4d76.build/Objects-normal/x86_64/CMakeCCompilerABI.d --serialize-diagnostics /System/Volumes/Data/Users/liuwei/Desktop/GLL/freetype/build/CMakeFiles/CMakeTmp/CMAKE_TRY_COMPILE.build/Debug/cmTC_e4d76.build/Objects-normal/x86_64/CMakeCCompilerABI.dia -c /Applications/CMake.app/Contents/share/cmake-3.15/Modules/CMakeCCompilerABI.c -o /System/Volumes/Data/Users/liuwei/Desktop/GLL/freetype/build/CMakeFiles/CMakeTmp/CMAKE_TRY_COMPILE.build/Debug/cmTC_e4d76.build/Objects-normal/x86_64/CMakeCCompilerABI.o
Apple LLVM version 10.0.1 (clang-1001.0.46.4)
Target: x86_64-apple-darwin19.0.0
Thread model: posix
InstalledDir: /Applications/Xcode.app/Contents/Developer/Toolchains/XcodeDefault.xctoolchain/usr/bin
clang: warning: -Wl,-v: 'linker' input unused [-Wunused-command-line-argument]
 "/Applications/Xcode.app/Contents/Developer/Toolchains/XcodeDefault.xctoolchain/usr/bin/clang" -cc1 -triple x86_64-apple-macosx10.14.0 -Wdeprecated-objc-isa-usage -Werror=deprecated-objc-isa-usage -emit-obj -mrelax-all -disable-free -disable-llvm-verifier -discard-value-names -main-file-name CMakeCCompilerABI.c -mrelocation-model pic -pic-level 2 -mthread-model posix -mdisable-fp-elim -fno-strict-return -masm-verbose -munwind-tables -target-sdk-version=10.14 -target-cpu penryn -dwarf-column-info -debug-info-kind=standalone -dwarf-version=4 -debugger-tuning=lldb -target-linker-version 450.3 -v -coverage-notes-file /System/Volumes/Data/Users/liuwei/Desktop/GLL/freetype/build/CMakeFiles/CMakeTmp/CMAKE_TRY_COMPILE.build/Debug/cmTC_e4d76.build/Objects-normal/x86_64/CMakeCCompilerABI.gcno -resource-dir /Applications/Xcode.app/Contents/Developer/Toolchains/XcodeDefault.xctoolchain/usr/lib/clang/10.0.1 -dependency-file /System/Volumes/Data/Users/liuwei/Desktop/GLL/freetype/build/CMakeFiles/CMakeTmp/CMAKE_TRY_COMPILE.build/Debug/cmTC_e4d76.build/Objects-normal/x86_64/CMakeCCompilerABI.d -skip-unused-modulemap-deps -MT dependencies -isysroot /Applications/Xcode.app/Contents/Developer/Platforms/MacOSX.platform/Developer/SDKs/MacOSX10.14.sdk -D "CMAKE_INTDIR=\"Debug\"" -I /System/Volumes/Data/Users/liuwei/Desktop/GLL/freetype/build/CMakeFiles/CMakeTmp/Debug/include -I /System/Volumes/Data/Users/liuwei/Desktop/GLL/freetype/build/CMakeFiles/CMakeTmp/CMAKE_TRY_COMPILE.build/Debug/cmTC_e4d76.build/DerivedSources-normal/x86_64 -I /System/Volumes/Data/Users/liuwei/Desktop/GLL/freetype/build/CMakeFiles/CMakeTmp/CMAKE_TRY_COMPILE.build/Debug/cmTC_e4d76.build/DerivedSources/x86_64 -I /System/Volumes/Data/Users/liuwei/Desktop/GLL/freetype/build/CMakeFiles/CMakeTmp/CMAKE_TRY_COMPILE.build/Debug/cmTC_e4d76.build/DerivedSources -F/System/Volumes/Data/Users/liuwei/Desktop/GLL/freetype/build/CMakeFiles/CMakeTmp/Debug -O0 -Wno-trigraphs -Wno-missing-field-initializers -Wno-missing-prototypes -Wno-return-type -Wno-missing-braces -Wparentheses -Wswitch -Wno-unused-function -Wno-unused-label -Wno-unused-parameter -Wno-unused-variable -Wunused-value -Wno-empty-body -Wno-uninitialized -Wno-unknown-pragmas -Wno-shadow -Wno-four-char-constants -Wno-conversion -Wno-constant-conversion -Wno-int-conversion -Wno-bool-conversion -Wno-enum-conversion -Wno-float-conversion -Wno-non-literal-null-conversion -Wno-objc-literal-conversion -Wno-shorten-64-to-32 -Wpointer-sign -Wno-newline-eof -Wdeprecated-declarations -Wno-sign-conversion -Wno-infinite-recursion -Wno-comma -Wno-block-capture-autoreleasing -Wno-strict-prototypes -Wno-semicolon-before-method-body -Wmost -Wno-four-char-constants -Wno-unknown-pragmas -Wno-atomic-implicit-seq-cst -Wno-framework-include-private-from-public -Wno-atimport-in-framework-header -Wno-quoted-include-in-framework-header -fdebug-compilation-dir /Users/liuwei/Desktop/GLL/freetype/build/CMakeFiles/CMakeTmp -ferror-limit 19 -fmacro-backtrace-limit 0 -fmessage-length 0 -stack-protector 1 -fblocks -fencode-extended-block-signature -fregister-global-dtors-with-atexit -fobjc-runtime=macosx-10.14.0 -fpascal-strings -fmax-type-align=16 -fdiagnostics-show-option -fdiagnostics-show-note-include-stack -fasm-blocks -serialize-diagnostic-file /System/Volumes/Data/Users/liuwei/Desktop/GLL/freetype/build/CMakeFiles/CMakeTmp/CMAKE_TRY_COMPILE.build/Debug/cmTC_e4d76.build/Objects-normal/x86_64/CMakeCCompilerABI.dia -o /System/Volumes/Data/Users/liuwei/Desktop/GLL/freetype/build/CMakeFiles/CMakeTmp/CMAKE_TRY_COMPILE.build/Debug/cmTC_e4d76.build/Objects-normal/x86_64/CMakeCCompilerABI.o -x c /Applications/CMake.app/Contents/share/cmake-3.15/Modules/CMakeCCompilerABI.c
clang -cc1 version 10.0.1 (clang-1001.0.46.4) default target x86_64-apple-darwin19.0.0
ignoring nonexistent directory "/System/Volumes/Data/Users/liuwei/Desktop/GLL/freetype/build/CMakeFiles/CMakeTmp/Debug/include"
ignoring nonexistent directory "/System/Volumes/Data/Users/liuwei/Desktop/GLL/freetype/build/CMakeFiles/CMakeTmp/CMAKE_TRY_COMPILE.build/Debug/cmTC_e4d76.build/DerivedSources-normal/x86_64"
ignoring nonexistent directory "/System/Volumes/Data/Users/liuwei/Desktop/GLL/freetype/build/CMakeFiles/CMakeTmp/CMAKE_TRY_COMPILE.build/Debug/cmTC_e4d76.build/DerivedSources/x86_64"
ignoring nonexistent directory "/System/Volumes/Data/Users/liuwei/Desktop/GLL/freetype/build/CMakeFiles/CMakeTmp/CMAKE_TRY_COMPILE.build/Debug/cmTC_e4d76.build/DerivedSources"
ignoring nonexistent directory "/System/Volumes/Data/Users/liuwei/Desktop/GLL/freetype/build/CMakeFiles/CMakeTmp/Debug"
ignoring nonexistent directory "/Applications/Xcode.app/Contents/Developer/Platforms/MacOSX.platform/Developer/SDKs/MacOSX10.14.sdk/usr/local/include"
ignoring nonexistent directory "/Applications/Xcode.app/Contents/Developer/Platforms/MacOSX.platform/Developer/SDKs/MacOSX10.14.sdk/Library/Frameworks"
#include "..." search starts here:
#include <...> search starts here:
 /Applications/Xcode.app/Contents/Developer/Toolchains/XcodeDefault.xctoolchain/usr/lib/clang/10.0.1/include
 /Applications/Xcode.app/Contents/Developer/Toolchains/XcodeDefault.xctoolchain/usr/include
 /Applications/Xcode.app/Contents/Developer/Platforms/MacOSX.platform/Developer/SDKs/MacOSX10.14.sdk/usr/include
 /Applications/Xcode.app/Contents/Developer/Platforms/MacOSX.platform/Developer/SDKs/MacOSX10.14.sdk/System/Library/Frameworks (framework directory)
End of search list.

Ld /System/Volumes/Data/Users/liuwei/Desktop/GLL/freetype/build/CMakeFiles/CMakeTmp/Debug/cmTC_e4d76 normal x86_64
    cd /Users/liuwei/Desktop/GLL/freetype/build/CMakeFiles/CMakeTmp
    /Applications/Xcode.app/Contents/Developer/Toolchains/XcodeDefault.xctoolchain/usr/bin/clang -arch x86_64 -isysroot /Applications/Xcode.app/Contents/Developer/Platforms/MacOSX.platform/Developer/SDKs/MacOSX10.14.sdk -L/System/Volumes/Data/Users/liuwei/Desktop/GLL/freetype/build/CMakeFiles/CMakeTmp/Debug -F/System/Volumes/Data/Users/liuwei/Desktop/GLL/freetype/build/CMakeFiles/CMakeTmp/Debug -filelist /System/Volumes/Data/Users/liuwei/Desktop/GLL/freetype/build/CMakeFiles/CMakeTmp/CMAKE_TRY_COMPILE.build/Debug/cmTC_e4d76.build/Objects-normal/x86_64/cmTC_e4d76.LinkFileList -mmacosx-version-min=10.14 -Xlinker -object_path_lto -Xlinker /System/Volumes/Data/Users/liuwei/Desktop/GLL/freetype/build/CMakeFiles/CMakeTmp/CMAKE_TRY_COMPILE.build/Debug/cmTC_e4d76.build/Objects-normal/x86_64/cmTC_e4d76_lto.o -Xlinker -no_deduplicate -v -Wl,-v -Wl,-search_paths_first -Wl,-headerpad_max_install_names -Xlinker -dependency_info -Xlinker /System/Volumes/Data/Users/liuwei/Desktop/GLL/freetype/build/CMakeFiles/CMakeTmp/CMAKE_TRY_COMPILE.build/Debug/cmTC_e4d76.build/Objects-normal/x86_64/cmTC_e4d76_dependency_info.dat -o /System/Volumes/Data/Users/liuwei/Desktop/GLL/freetype/build/CMakeFiles/CMakeTmp/Debug/cmTC_e4d76
Apple LLVM version 10.0.1 (clang-1001.0.46.4)
Target: x86_64-apple-darwin19.0.0
Thread model: posix
InstalledDir: /Applications/Xcode.app/Contents/Developer/Toolchains/XcodeDefault.xctoolchain/usr/bin
 "/Applications/Xcode.app/Contents/Developer/Toolchains/XcodeDefault.xctoolchain/usr/bin/ld" -demangle -lto_library /Applications/Xcode.app/Contents/Developer/Toolchains/XcodeDefault.xctoolchain/usr/lib/libLTO.dylib -dynamic -arch x86_64 -macosx_version_min 10.14.0 -syslibroot /Applications/Xcode.app/Contents/Developer/Platforms/MacOSX.platform/Developer/SDKs/MacOSX10.14.sdk -o /System/Volumes/Data/Users/liuwei/Desktop/GLL/freetype/build/CMakeFiles/CMakeTmp/Debug/cmTC_e4d76 -L/System/Volumes/Data/Users/liuwei/Desktop/GLL/freetype/build/CMakeFiles/CMakeTmp/Debug -filelist /System/Volumes/Data/Users/liuwei/Desktop/GLL/freetype/build/CMakeFiles/CMakeTmp/CMAKE_TRY_COMPILE.build/Debug/cmTC_e4d76.build/Objects-normal/x86_64/cmTC_e4d76.LinkFileList -object_path_lto /System/Volumes/Data/Users/liuwei/Desktop/GLL/freetype/build/CMakeFiles/CMakeTmp/CMAKE_TRY_COMPILE.build/Debug/cmTC_e4d76.build/Objects-normal/x86_64/cmTC_e4d76_lto.o -no_deduplicate -v -search_paths_first -headerpad_max_install_names -dependency_info /System/Volumes/Data/Users/liuwei/Desktop/GLL/freetype/build/CMakeFiles/CMakeTmp/CMAKE_TRY_COMPILE.build/Debug/cmTC_e4d76.build/Objects-normal/x86_64/cmTC_e4d76_dependency_info.dat -lSystem /Applications/Xcode.app/Contents/Developer/Toolchains/XcodeDefault.xctoolchain/usr/lib/clang/10.0.1/lib/darwin/libclang_rt.osx.a -F/System/Volumes/Data/Users/liuwei/Desktop/GLL/freetype/build/CMakeFiles/CMakeTmp/Debug
@(#)PROGRAM:ld  PROJECT:ld64-450.3
BUILD 18:45:16 Apr  4 2019
configured to support archs: armv6 armv7 armv7s arm64 arm64e arm64_32 i386 x86_64 x86_64h armv6m armv7k armv7m armv7em
Library search paths:
	/System/Volumes/Data/Users/liuwei/Desktop/GLL/freetype/build/CMakeFiles/CMakeTmp/Debug
	/Applications/Xcode.app/Contents/Developer/Platforms/MacOSX.platform/Developer/SDKs/MacOSX10.14.sdk/usr/lib
Framework search paths:
	/System/Volumes/Data/Users/liuwei/Desktop/GLL/freetype/build/CMakeFiles/CMakeTmp/Debug
	/Applications/Xcode.app/Contents/Developer/Platforms/MacOSX.platform/Developer/SDKs/MacOSX10.14.sdk/System/Library/Frameworks/

** BUILD SUCCEEDED **




Parsed C implicit include dir info from above output: rv=done
  found start of include info
  found start of implicit include info
    add: [/Applications/Xcode.app/Contents/Developer/Toolchains/XcodeDefault.xctoolchain/usr/lib/clang/10.0.1/include]
    add: [/Applications/Xcode.app/Contents/Developer/Toolchains/XcodeDefault.xctoolchain/usr/include]
    add: [/Applications/Xcode.app/Contents/Developer/Platforms/MacOSX.platform/Developer/SDKs/MacOSX10.14.sdk/usr/include]
  end of search list found
  collapse include dir [/Applications/Xcode.app/Contents/Developer/Toolchains/XcodeDefault.xctoolchain/usr/lib/clang/10.0.1/include] ==> [/Applications/Xcode.app/Contents/Developer/Toolchains/XcodeDefault.xctoolchain/usr/lib/clang/10.0.1/include]
  collapse include dir [/Applications/Xcode.app/Contents/Developer/Toolchains/XcodeDefault.xctoolchain/usr/include] ==> [/Applications/Xcode.app/Contents/Developer/Toolchains/XcodeDefault.xctoolchain/usr/include]
  collapse include dir [/Applications/Xcode.app/Contents/Developer/Platforms/MacOSX.platform/Developer/SDKs/MacOSX10.14.sdk/usr/include] ==> [/Applications/Xcode.app/Contents/Developer/Platforms/MacOSX.platform/Developer/SDKs/MacOSX10.14.sdk/usr/include]
  implicit include dirs: [/Applications/Xcode.app/Contents/Developer/Toolchains/XcodeDefault.xctoolchain/usr/lib/clang/10.0.1/include;/Applications/Xcode.app/Contents/Developer/Toolchains/XcodeDefault.xctoolchain/usr/include;/Applications/Xcode.app/Contents/Developer/Platforms/MacOSX.platform/Developer/SDKs/MacOSX10.14.sdk/usr/include]


Parsed C implicit link information from above output:
  link line regex: [^( *|.*[/\])(ld|CMAKE_LINK_STARTFILE-NOTFOUND|([^/\]+-)?ld|collect2)[^/\]*( |$)]
  ignore line: [Change Dir: /System/Volumes/Data/Users/liuwei/Desktop/GLL/freetype/build/CMakeFiles/CMakeTmp]
  ignore line: []
  ignore line: [Run Build Command(s):/usr/bin/xcodebuild -project CMAKE_TRY_COMPILE.xcodeproj build -target cmTC_e4d76 -configuration Debug -hideShellScriptEnvironment && User defaults from command line:]
  ignore line: [    HideShellScriptEnvironment = YES]
  ignore line: []
  ignore line: [Prepare build]
  ignore line: [note: Using legacy build system]
  ignore line: []
  ignore line: [=== BUILD TARGET cmTC_e4d76 OF PROJECT CMAKE_TRY_COMPILE WITH CONFIGURATION Debug ===]
  ignore line: []
  ignore line: [Check dependencies]
  ignore line: []
  ignore line: [Write auxiliary files]
  ignore line: [/bin/mkdir -p /System/Volumes/Data/Users/liuwei/Desktop/GLL/freetype/build/CMakeFiles/CMakeTmp/CMAKE_TRY_COMPILE.build/Debug/cmTC_e4d76.build/Objects-normal/x86_64]
  ignore line: [write-file /System/Volumes/Data/Users/liuwei/Desktop/GLL/freetype/build/CMakeFiles/CMakeTmp/CMAKE_TRY_COMPILE.build/Debug/cmTC_e4d76.build/Objects-normal/x86_64/cmTC_e4d76.LinkFileList]
  ignore line: []
  ignore line: [CompileC /System/Volumes/Data/Users/liuwei/Desktop/GLL/freetype/build/CMakeFiles/CMakeTmp/CMAKE_TRY_COMPILE.build/Debug/cmTC_e4d76.build/Objects-normal/x86_64/CMakeCCompilerABI.o /Applications/CMake.app/Contents/share/cmake-3.15/Modules/CMakeCCompilerABI.c normal x86_64 c com.apple.compilers.llvm.clang.1_0.compiler]
  ignore line: [    cd /Users/liuwei/Desktop/GLL/freetype/build/CMakeFiles/CMakeTmp]
  ignore line: [    /Applications/Xcode.app/Contents/Developer/Toolchains/XcodeDefault.xctoolchain/usr/bin/clang -x c -arch x86_64 -fmessage-length=0 -fdiagnostics-show-note-include-stack -fmacro-backtrace-limit=0 -Wno-trigraphs -fpascal-strings -O0 -Wno-missing-field-initializers -Wno-missing-prototypes -Wno-return-type -Wno-missing-braces -Wparentheses -Wswitch -Wno-unused-function -Wno-unused-label -Wno-unused-parameter -Wno-unused-variable -Wunused-value -Wno-empty-body -Wno-uninitialized -Wno-unknown-pragmas -Wno-shadow -Wno-four-char-constants -Wno-conversion -Wno-constant-conversion -Wno-int-conversion -Wno-bool-conversion -Wno-enum-conversion -Wno-float-conversion -Wno-non-literal-null-conversion -Wno-objc-literal-conversion -Wno-shorten-64-to-32 -Wpointer-sign -Wno-newline-eof -DCMAKE_INTDIR=\"Debug\" -isysroot /Applications/Xcode.app/Contents/Developer/Platforms/MacOSX.platform/Developer/SDKs/MacOSX10.14.sdk -fasm-blocks -fstrict-aliasing -Wdeprecated-declarations -mmacosx-version-min=10.14 -g -Wno-sign-conversion -Wno-infinite-recursion -Wno-comma -Wno-block-capture-autoreleasing -Wno-strict-prototypes -Wno-semicolon-before-method-body -I/System/Volumes/Data/Users/liuwei/Desktop/GLL/freetype/build/CMakeFiles/CMakeTmp/Debug/include -I/System/Volumes/Data/Users/liuwei/Desktop/GLL/freetype/build/CMakeFiles/CMakeTmp/CMAKE_TRY_COMPILE.build/Debug/cmTC_e4d76.build/DerivedSources-normal/x86_64 -I/System/Volumes/Data/Users/liuwei/Desktop/GLL/freetype/build/CMakeFiles/CMakeTmp/CMAKE_TRY_COMPILE.build/Debug/cmTC_e4d76.build/DerivedSources/x86_64 -I/System/Volumes/Data/Users/liuwei/Desktop/GLL/freetype/build/CMakeFiles/CMakeTmp/CMAKE_TRY_COMPILE.build/Debug/cmTC_e4d76.build/DerivedSources -Wmost -Wno-four-char-constants -Wno-unknown-pragmas -F/System/Volumes/Data/Users/liuwei/Desktop/GLL/freetype/build/CMakeFiles/CMakeTmp/Debug -v -Wl,-v -MMD -MT dependencies -MF /System/Volumes/Data/Users/liuwei/Desktop/GLL/freetype/build/CMakeFiles/CMakeTmp/CMAKE_TRY_COMPILE.build/Debug/cmTC_e4d76.build/Objects-normal/x86_64/CMakeCCompilerABI.d --serialize-diagnostics /System/Volumes/Data/Users/liuwei/Desktop/GLL/freetype/build/CMakeFiles/CMakeTmp/CMAKE_TRY_COMPILE.build/Debug/cmTC_e4d76.build/Objects-normal/x86_64/CMakeCCompilerABI.dia -c /Applications/CMake.app/Contents/share/cmake-3.15/Modules/CMakeCCompilerABI.c -o /System/Volumes/Data/Users/liuwei/Desktop/GLL/freetype/build/CMakeFiles/CMakeTmp/CMAKE_TRY_COMPILE.build/Debug/cmTC_e4d76.build/Objects-normal/x86_64/CMakeCCompilerABI.o]
  ignore line: [Apple LLVM version 10.0.1 (clang-1001.0.46.4)]
  ignore line: [Target: x86_64-apple-darwin19.0.0]
  ignore line: [Thread model: posix]
  ignore line: [InstalledDir: /Applications/Xcode.app/Contents/Developer/Toolchains/XcodeDefault.xctoolchain/usr/bin]
  ignore line: [clang: warning: -Wl,-v: 'linker' input unused [-Wunused-command-line-argument]]
  ignore line: [ "/Applications/Xcode.app/Contents/Developer/Toolchains/XcodeDefault.xctoolchain/usr/bin/clang" -cc1 -triple x86_64-apple-macosx10.14.0 -Wdeprecated-objc-isa-usage -Werror=deprecated-objc-isa-usage -emit-obj -mrelax-all -disable-free -disable-llvm-verifier -discard-value-names -main-file-name CMakeCCompilerABI.c -mrelocation-model pic -pic-level 2 -mthread-model posix -mdisable-fp-elim -fno-strict-return -masm-verbose -munwind-tables -target-sdk-version=10.14 -target-cpu penryn -dwarf-column-info -debug-info-kind=standalone -dwarf-version=4 -debugger-tuning=lldb -target-linker-version 450.3 -v -coverage-notes-file /System/Volumes/Data/Users/liuwei/Desktop/GLL/freetype/build/CMakeFiles/CMakeTmp/CMAKE_TRY_COMPILE.build/Debug/cmTC_e4d76.build/Objects-normal/x86_64/CMakeCCompilerABI.gcno -resource-dir /Applications/Xcode.app/Contents/Developer/Toolchains/XcodeDefault.xctoolchain/usr/lib/clang/10.0.1 -dependency-file /System/Volumes/Data/Users/liuwei/Desktop/GLL/freetype/build/CMakeFiles/CMakeTmp/CMAKE_TRY_COMPILE.build/Debug/cmTC_e4d76.build/Objects-normal/x86_64/CMakeCCompilerABI.d -skip-unused-modulemap-deps -MT dependencies -isysroot /Applications/Xcode.app/Contents/Developer/Platforms/MacOSX.platform/Developer/SDKs/MacOSX10.14.sdk -D "CMAKE_INTDIR=\"Debug\"" -I /System/Volumes/Data/Users/liuwei/Desktop/GLL/freetype/build/CMakeFiles/CMakeTmp/Debug/include -I /System/Volumes/Data/Users/liuwei/Desktop/GLL/freetype/build/CMakeFiles/CMakeTmp/CMAKE_TRY_COMPILE.build/Debug/cmTC_e4d76.build/DerivedSources-normal/x86_64 -I /System/Volumes/Data/Users/liuwei/Desktop/GLL/freetype/build/CMakeFiles/CMakeTmp/CMAKE_TRY_COMPILE.build/Debug/cmTC_e4d76.build/DerivedSources/x86_64 -I /System/Volumes/Data/Users/liuwei/Desktop/GLL/freetype/build/CMakeFiles/CMakeTmp/CMAKE_TRY_COMPILE.build/Debug/cmTC_e4d76.build/DerivedSources -F/System/Volumes/Data/Users/liuwei/Desktop/GLL/freetype/build/CMakeFiles/CMakeTmp/Debug -O0 -Wno-trigraphs -Wno-missing-field-initializers -Wno-missing-prototypes -Wno-return-type -Wno-missing-braces -Wparentheses -Wswitch -Wno-unused-function -Wno-unused-label -Wno-unused-parameter -Wno-unused-variable -Wunused-value -Wno-empty-body -Wno-uninitialized -Wno-unknown-pragmas -Wno-shadow -Wno-four-char-constants -Wno-conversion -Wno-constant-conversion -Wno-int-conversion -Wno-bool-conversion -Wno-enum-conversion -Wno-float-conversion -Wno-non-literal-null-conversion -Wno-objc-literal-conversion -Wno-shorten-64-to-32 -Wpointer-sign -Wno-newline-eof -Wdeprecated-declarations -Wno-sign-conversion -Wno-infinite-recursion -Wno-comma -Wno-block-capture-autoreleasing -Wno-strict-prototypes -Wno-semicolon-before-method-body -Wmost -Wno-four-char-constants -Wno-unknown-pragmas -Wno-atomic-implicit-seq-cst -Wno-framework-include-private-from-public -Wno-atimport-in-framework-header -Wno-quoted-include-in-framework-header -fdebug-compilation-dir /Users/liuwei/Desktop/GLL/freetype/build/CMakeFiles/CMakeTmp -ferror-limit 19 -fmacro-backtrace-limit 0 -fmessage-length 0 -stack-protector 1 -fblocks -fencode-extended-block-signature -fregister-global-dtors-with-atexit -fobjc-runtime=macosx-10.14.0 -fpascal-strings -fmax-type-align=16 -fdiagnostics-show-option -fdiagnostics-show-note-include-stack -fasm-blocks -serialize-diagnostic-file /System/Volumes/Data/Users/liuwei/Desktop/GLL/freetype/build/CMakeFiles/CMakeTmp/CMAKE_TRY_COMPILE.build/Debug/cmTC_e4d76.build/Objects-normal/x86_64/CMakeCCompilerABI.dia -o /System/Volumes/Data/Users/liuwei/Desktop/GLL/freetype/build/CMakeFiles/CMakeTmp/CMAKE_TRY_COMPILE.build/Debug/cmTC_e4d76.build/Objects-normal/x86_64/CMakeCCompilerABI.o -x c /Applications/CMake.app/Contents/share/cmake-3.15/Modules/CMakeCCompilerABI.c]
  ignore line: [clang -cc1 version 10.0.1 (clang-1001.0.46.4) default target x86_64-apple-darwin19.0.0]
  ignore line: [ignoring nonexistent directory "/System/Volumes/Data/Users/liuwei/Desktop/GLL/freetype/build/CMakeFiles/CMakeTmp/Debug/include"]
  ignore line: [ignoring nonexistent directory "/System/Volumes/Data/Users/liuwei/Desktop/GLL/freetype/build/CMakeFiles/CMakeTmp/CMAKE_TRY_COMPILE.build/Debug/cmTC_e4d76.build/DerivedSources-normal/x86_64"]
  ignore line: [ignoring nonexistent directory "/System/Volumes/Data/Users/liuwei/Desktop/GLL/freetype/build/CMakeFiles/CMakeTmp/CMAKE_TRY_COMPILE.build/Debug/cmTC_e4d76.build/DerivedSources/x86_64"]
  ignore line: [ignoring nonexistent directory "/System/Volumes/Data/Users/liuwei/Desktop/GLL/freetype/build/CMakeFiles/CMakeTmp/CMAKE_TRY_COMPILE.build/Debug/cmTC_e4d76.build/DerivedSources"]
  ignore line: [ignoring nonexistent directory "/System/Volumes/Data/Users/liuwei/Desktop/GLL/freetype/build/CMakeFiles/CMakeTmp/Debug"]
  ignore line: [ignoring nonexistent directory "/Applications/Xcode.app/Contents/Developer/Platforms/MacOSX.platform/Developer/SDKs/MacOSX10.14.sdk/usr/local/include"]
  ignore line: [ignoring nonexistent directory "/Applications/Xcode.app/Contents/Developer/Platforms/MacOSX.platform/Developer/SDKs/MacOSX10.14.sdk/Library/Frameworks"]
  ignore line: [#include "..." search starts here:]
  ignore line: [#include <...> search starts here:]
  ignore line: [ /Applications/Xcode.app/Contents/Developer/Toolchains/XcodeDefault.xctoolchain/usr/lib/clang/10.0.1/include]
  ignore line: [ /Applications/Xcode.app/Contents/Developer/Toolchains/XcodeDefault.xctoolchain/usr/include]
  ignore line: [ /Applications/Xcode.app/Contents/Developer/Platforms/MacOSX.platform/Developer/SDKs/MacOSX10.14.sdk/usr/include]
  ignore line: [ /Applications/Xcode.app/Contents/Developer/Platforms/MacOSX.platform/Developer/SDKs/MacOSX10.14.sdk/System/Library/Frameworks (framework directory)]
  ignore line: [End of search list.]
  ignore line: []
  ignore line: [Ld /System/Volumes/Data/Users/liuwei/Desktop/GLL/freetype/build/CMakeFiles/CMakeTmp/Debug/cmTC_e4d76 normal x86_64]
  ignore line: [    cd /Users/liuwei/Desktop/GLL/freetype/build/CMakeFiles/CMakeTmp]
  ignore line: [    /Applications/Xcode.app/Contents/Developer/Toolchains/XcodeDefault.xctoolchain/usr/bin/clang -arch x86_64 -isysroot /Applications/Xcode.app/Contents/Developer/Platforms/MacOSX.platform/Developer/SDKs/MacOSX10.14.sdk -L/System/Volumes/Data/Users/liuwei/Desktop/GLL/freetype/build/CMakeFiles/CMakeTmp/Debug -F/System/Volumes/Data/Users/liuwei/Desktop/GLL/freetype/build/CMakeFiles/CMakeTmp/Debug -filelist /System/Volumes/Data/Users/liuwei/Desktop/GLL/freetype/build/CMakeFiles/CMakeTmp/CMAKE_TRY_COMPILE.build/Debug/cmTC_e4d76.build/Objects-normal/x86_64/cmTC_e4d76.LinkFileList -mmacosx-version-min=10.14 -Xlinker -object_path_lto -Xlinker /System/Volumes/Data/Users/liuwei/Desktop/GLL/freetype/build/CMakeFiles/CMakeTmp/CMAKE_TRY_COMPILE.build/Debug/cmTC_e4d76.build/Objects-normal/x86_64/cmTC_e4d76_lto.o -Xlinker -no_deduplicate -v -Wl,-v -Wl,-search_paths_first -Wl,-headerpad_max_install_names -Xlinker -dependency_info -Xlinker /System/Volumes/Data/Users/liuwei/Desktop/GLL/freetype/build/CMakeFiles/CMakeTmp/CMAKE_TRY_COMPILE.build/Debug/cmTC_e4d76.build/Objects-normal/x86_64/cmTC_e4d76_dependency_info.dat -o /System/Volumes/Data/Users/liuwei/Desktop/GLL/freetype/build/CMakeFiles/CMakeTmp/Debug/cmTC_e4d76]
  ignore line: [Apple LLVM version 10.0.1 (clang-1001.0.46.4)]
  ignore line: [Target: x86_64-apple-darwin19.0.0]
  ignore line: [Thread model: posix]
  ignore line: [InstalledDir: /Applications/Xcode.app/Contents/Developer/Toolchains/XcodeDefault.xctoolchain/usr/bin]
  reduced line: [ "/Applications/Xcode.app/Contents/Developer/Toolchains/XcodeDefault.xctoolchain/usr/bin/ld" -demangle -lto_library /Applications/Xcode.app/Contents/Developer/Toolchains/XcodeDefault.xctoolchain/usr/lib/libLTO.dylib -dynamic -arch x86_64 -macosx_version_min 10.14.0 -syslibroot /Applications/Xcode.app/Contents/Developer/Platforms/MacOSX.platform/Developer/SDKs/MacOSX10.14.sdk -o /System/Volumes/Data/Users/liuwei/Desktop/GLL/freetype/build/CMakeFiles/CMakeTmp/Debug/cmTC_e4d76 -L/System/Volumes/Data/Users/liuwei/Desktop/GLL/freetype/build/CMakeFiles/CMakeTmp/Debug -filelist /System/Volumes/Data/Users/liuwei/Desktop/GLL/freetype/build/CMakeFiles/CMakeTmp/CMAKE_TRY_COMPILE.build/Debug/cmTC_e4d76.build/Objects-normal/x86_64/cmTC_e4d76.LinkFileList -object_path_lto /System/Volumes/Data/Users/liuwei/Desktop/GLL/freetype/build/CMakeFiles/CMakeTmp/CMAKE_TRY_COMPILE.build/Debug/cmTC_e4d76.build/Objects-normal/x86_64/cmTC_e4d76_lto.o -no_deduplicate -v -search_paths_first -headerpad_max_install_names -dependency_info /System/Volumes/Data/Users/liuwei/Desktop/GLL/freetype/build/CMakeFiles/CMakeTmp/CMAKE_TRY_COMPILE.build/Debug/cmTC_e4d76.build/Objects-normal/x86_64/cmTC_e4d76_dependency_info.dat -lSystem /Applications/Xcode.app/Contents/Developer/Toolchains/XcodeDefault.xctoolchain/usr/lib/clang/10.0.1/lib/darwin/libclang_rt.osx.a -F/System/Volumes/Data/Users/liuwei/Desktop/GLL/freetype/build/CMakeFiles/CMakeTmp/Debug]
            to: [ "/Applications/Xcode.app/Contents/Developer/Toolchains/XcodeDefault.xctoolchain/usr/bin/ld" -demangle -lto_library /Applications/Xcode.app/Contents/Developer/Toolchains/XcodeDefault.xctoolchain/usr/lib/libLTO.dylib -dynamic -arch x86_64 -macosx_version_min 10.14.0 -syslibroot /Applications/Xcode.app/Contents/Developer/Platforms/MacOSX.platform/Developer/SDKs/MacOSX10.14.sdk -o /System/Volumes/Data/Users/liuwei/Desktop/GLL/freetype/build/CMakeFiles/CMakeTmp/Debug/cmTC_e4d76 -filelist /System/Volumes/Data/Users/liuwei/Desktop/GLL/freetype/build/CMakeFiles/CMakeTmp/CMAKE_TRY_COMPILE.build/Debug/cmTC_e4d76.build/Objects-normal/x86_64/cmTC_e4d76.LinkFileList -object_path_lto /System/Volumes/Data/Users/liuwei/Desktop/GLL/freetype/build/CMakeFiles/CMakeTmp/CMAKE_TRY_COMPILE.build/Debug/cmTC_e4d76.build/Objects-normal/x86_64/cmTC_e4d76_lto.o -no_deduplicate -v -search_paths_first -headerpad_max_install_names -dependency_info /System/Volumes/Data/Users/liuwei/Desktop/GLL/freetype/build/CMakeFiles/CMakeTmp/CMAKE_TRY_COMPILE.build/Debug/cmTC_e4d76.build/Objects-normal/x86_64/cmTC_e4d76_dependency_info.dat -lSystem /Applications/Xcode.app/Contents/Developer/Toolchains/XcodeDefault.xctoolchain/usr/lib/clang/10.0.1/lib/darwin/libclang_rt.osx.a ]
  link line: [ "/Applications/Xcode.app/Contents/Developer/Toolchains/XcodeDefault.xctoolchain/usr/bin/ld" -demangle -lto_library /Applications/Xcode.app/Contents/Developer/Toolchains/XcodeDefault.xctoolchain/usr/lib/libLTO.dylib -dynamic -arch x86_64 -macosx_version_min 10.14.0 -syslibroot /Applications/Xcode.app/Contents/Developer/Platforms/MacOSX.platform/Developer/SDKs/MacOSX10.14.sdk -o /System/Volumes/Data/Users/liuwei/Desktop/GLL/freetype/build/CMakeFiles/CMakeTmp/Debug/cmTC_e4d76 -filelist /System/Volumes/Data/Users/liuwei/Desktop/GLL/freetype/build/CMakeFiles/CMakeTmp/CMAKE_TRY_COMPILE.build/Debug/cmTC_e4d76.build/Objects-normal/x86_64/cmTC_e4d76.LinkFileList -object_path_lto /System/Volumes/Data/Users/liuwei/Desktop/GLL/freetype/build/CMakeFiles/CMakeTmp/CMAKE_TRY_COMPILE.build/Debug/cmTC_e4d76.build/Objects-normal/x86_64/cmTC_e4d76_lto.o -no_deduplicate -v -search_paths_first -headerpad_max_install_names -dependency_info /System/Volumes/Data/Users/liuwei/Desktop/GLL/freetype/build/CMakeFiles/CMakeTmp/CMAKE_TRY_COMPILE.build/Debug/cmTC_e4d76.build/Objects-normal/x86_64/cmTC_e4d76_dependency_info.dat -lSystem /Applications/Xcode.app/Contents/Developer/Toolchains/XcodeDefault.xctoolchain/usr/lib/clang/10.0.1/lib/darwin/libclang_rt.osx.a ]
    arg [/Applications/Xcode.app/Contents/Developer/Toolchains/XcodeDefault.xctoolchain/usr/bin/ld] ==> ignore
    arg [-demangle] ==> ignore
    arg [-lto_library] ==> ignore, skip following value
    arg [/Applications/Xcode.app/Contents/Developer/Toolchains/XcodeDefault.xctoolchain/usr/lib/libLTO.dylib] ==> skip value of -lto_library
    arg [-dynamic] ==> ignore
    arg [-arch] ==> ignore
    arg [x86_64] ==> ignore
    arg [-macosx_version_min] ==> ignore
    arg [10.14.0] ==> ignore
    arg [-syslibroot] ==> ignore
    arg [/Applications/Xcode.app/Contents/Developer/Platforms/MacOSX.platform/Developer/SDKs/MacOSX10.14.sdk] ==> ignore
    arg [-o] ==> ignore
    arg [/System/Volumes/Data/Users/liuwei/Desktop/GLL/freetype/build/CMakeFiles/CMakeTmp/Debug/cmTC_e4d76] ==> ignore
    arg [-filelist] ==> ignore
    arg [/System/Volumes/Data/Users/liuwei/Desktop/GLL/freetype/build/CMakeFiles/CMakeTmp/CMAKE_TRY_COMPILE.build/Debug/cmTC_e4d76.build/Objects-normal/x86_64/cmTC_e4d76.LinkFileList] ==> ignore
    arg [-object_path_lto] ==> ignore
    arg [/System/Volumes/Data/Users/liuwei/Desktop/GLL/freetype/build/CMakeFiles/CMakeTmp/CMAKE_TRY_COMPILE.build/Debug/cmTC_e4d76.build/Objects-normal/x86_64/cmTC_e4d76_lto.o] ==> ignore
    arg [-no_deduplicate] ==> ignore
    arg [-v] ==> ignore
    arg [-search_paths_first] ==> ignore
    arg [-headerpad_max_install_names] ==> ignore
    arg [-dependency_info] ==> ignore
    arg [/System/Volumes/Data/Users/liuwei/Desktop/GLL/freetype/build/CMakeFiles/CMakeTmp/CMAKE_TRY_COMPILE.build/Debug/cmTC_e4d76.build/Objects-normal/x86_64/cmTC_e4d76_dependency_info.dat] ==> ignore
    arg [-lSystem] ==> lib [System]
    arg [/Applications/Xcode.app/Contents/Developer/Toolchains/XcodeDefault.xctoolchain/usr/lib/clang/10.0.1/lib/darwin/libclang_rt.osx.a] ==> lib [/Applications/Xcode.app/Contents/Developer/Toolchains/XcodeDefault.xctoolchain/usr/lib/clang/10.0.1/lib/darwin/libclang_rt.osx.a]
  Library search paths: [;/System/Volumes/Data/Users/liuwei/Desktop/GLL/freetype/build/CMakeFiles/CMakeTmp/Debug;/Applications/Xcode.app/Contents/Developer/Platforms/MacOSX.platform/Developer/SDKs/MacOSX10.14.sdk/usr/lib]
  Framework search paths: [;/System/Volumes/Data/Users/liuwei/Desktop/GLL/freetype/build/CMakeFiles/CMakeTmp/Debug;/Applications/Xcode.app/Contents/Developer/Platforms/MacOSX.platform/Developer/SDKs/MacOSX10.14.sdk/System/Library/Frameworks/]
  remove lib [System]
  remove lib [/Applications/Xcode.app/Contents/Developer/Toolchains/XcodeDefault.xctoolchain/usr/lib/clang/10.0.1/lib/darwin/libclang_rt.osx.a]
  collapse library dir [/System/Volumes/Data/Users/liuwei/Desktop/GLL/freetype/build/CMakeFiles/CMakeTmp/Debug] ==> [/System/Volumes/Data/Users/liuwei/Desktop/GLL/freetype/build/CMakeFiles/CMakeTmp/Debug], skipping non-system directory
  collapse library dir [/Applications/Xcode.app/Contents/Developer/Platforms/MacOSX.platform/Developer/SDKs/MacOSX10.14.sdk/usr/lib] ==> [/Applications/Xcode.app/Contents/Developer/Platforms/MacOSX.platform/Developer/SDKs/MacOSX10.14.sdk/usr/lib]
  collapse framework dir [/System/Volumes/Data/Users/liuwei/Desktop/GLL/freetype/build/CMakeFiles/CMakeTmp/Debug] ==> [/System/Volumes/Data/Users/liuwei/Desktop/GLL/freetype/build/CMakeFiles/CMakeTmp/Debug], skipping non-system directory
  collapse framework dir [/Applications/Xcode.app/Contents/Developer/Platforms/MacOSX.platform/Developer/SDKs/MacOSX10.14.sdk/System/Library/Frameworks/] ==> [/Applications/Xcode.app/Contents/Developer/Platforms/MacOSX.platform/Developer/SDKs/MacOSX10.14.sdk/System/Library/Frameworks]
  implicit libs: []
  implicit dirs: [/Applications/Xcode.app/Contents/Developer/Platforms/MacOSX.platform/Developer/SDKs/MacOSX10.14.sdk/usr/lib]
  implicit fwks: [/Applications/Xcode.app/Contents/Developer/Platforms/MacOSX.platform/Developer/SDKs/MacOSX10.14.sdk/System/Library/Frameworks]


Determining if the BZ2_bzCompressInit exist passed with the following output:
Change Dir: /System/Volumes/Data/Users/liuwei/Desktop/GLL/freetype/build/CMakeFiles/CMakeTmp

Run Build Command(s):/usr/bin/xcodebuild -project CMAKE_TRY_COMPILE.xcodeproj build -target cmTC_de6f0 -configuration Debug -hideShellScriptEnvironment && User defaults from command line:
    HideShellScriptEnvironment = YES

Prepare build
note: Using legacy build system

=== BUILD TARGET cmTC_de6f0 OF PROJECT CMAKE_TRY_COMPILE WITH CONFIGURATION Debug ===

Check dependencies

Write auxiliary files
/bin/mkdir -p /System/Volumes/Data/Users/liuwei/Desktop/GLL/freetype/build/CMakeFiles/CMakeTmp/CMAKE_TRY_COMPILE.build/Debug/cmTC_de6f0.build/Objects-normal/x86_64
write-file /System/Volumes/Data/Users/liuwei/Desktop/GLL/freetype/build/CMakeFiles/CMakeTmp/CMAKE_TRY_COMPILE.build/Debug/cmTC_de6f0.build/Objects-normal/x86_64/cmTC_de6f0.LinkFileList

CompileC /System/Volumes/Data/Users/liuwei/Desktop/GLL/freetype/build/CMakeFiles/CMakeTmp/CMAKE_TRY_COMPILE.build/Debug/cmTC_de6f0.build/Objects-normal/x86_64/CheckSymbolExists.o CheckSymbolExists.c normal x86_64 c com.apple.compilers.llvm.clang.1_0.compiler
    cd /Users/liuwei/Desktop/GLL/freetype/build/CMakeFiles/CMakeTmp
    /Applications/Xcode.app/Contents/Developer/Toolchains/XcodeDefault.xctoolchain/usr/bin/clang -x c -arch x86_64 -fmessage-length=0 -fdiagnostics-show-note-include-stack -fmacro-backtrace-limit=0 -Wno-trigraphs -fpascal-strings -O0 -Wno-missing-field-initializers -Wno-missing-prototypes -Wno-return-type -Wno-missing-braces -Wparentheses -Wswitch -Wno-unused-function -Wno-unused-label -Wno-unused-parameter -Wno-unused-variable -Wunused-value -Wno-empty-body -Wno-uninitialized -Wno-unknown-pragmas -Wno-shadow -Wno-four-char-constants -Wno-conversion -Wno-constant-conversion -Wno-int-conversion -Wno-bool-conversion -Wno-enum-conversion -Wno-float-conversion -Wno-non-literal-null-conversion -Wno-objc-literal-conversion -Wno-shorten-64-to-32 -Wpointer-sign -Wno-newline-eof -DCMAKE_INTDIR=\"Debug\" -isysroot /Applications/Xcode.app/Contents/Developer/Platforms/MacOSX.platform/Developer/SDKs/MacOSX10.14.sdk -fasm-blocks -fstrict-aliasing -Wdeprecated-declarations -mmacosx-version-min=10.14 -g -Wno-sign-conversion -Wno-infinite-recursion -Wno-comma -Wno-block-capture-autoreleasing -Wno-strict-prototypes -Wno-semicolon-before-method-body -I/System/Volumes/Data/Users/liuwei/Desktop/GLL/freetype/build/CMakeFiles/CMakeTmp/Debug/include -I/System/Volumes/Data/Users/liuwei/Desktop/GLL/freetype/build/CMakeFiles/CMakeTmp/CMAKE_TRY_COMPILE.build/Debug/cmTC_de6f0.build/DerivedSources-normal/x86_64 -I/System/Volumes/Data/Users/liuwei/Desktop/GLL/freetype/build/CMakeFiles/CMakeTmp/CMAKE_TRY_COMPILE.build/Debug/cmTC_de6f0.build/DerivedSources/x86_64 -I/System/Volumes/Data/Users/liuwei/Desktop/GLL/freetype/build/CMakeFiles/CMakeTmp/CMAKE_TRY_COMPILE.build/Debug/cmTC_de6f0.build/DerivedSources -Wmost -Wno-four-char-constants -Wno-unknown-pragmas -F/System/Volumes/Data/Users/liuwei/Desktop/GLL/freetype/build/CMakeFiles/CMakeTmp/Debug -MMD -MT dependencies -MF /System/Volumes/Data/Users/liuwei/Desktop/GLL/freetype/build/CMakeFiles/CMakeTmp/CMAKE_TRY_COMPILE.build/Debug/cmTC_de6f0.build/Objects-normal/x86_64/CheckSymbolExists.d --serialize-diagnostics /System/Volumes/Data/Users/liuwei/Desktop/GLL/freetype/build/CMakeFiles/CMakeTmp/CMAKE_TRY_COMPILE.build/Debug/cmTC_de6f0.build/Objects-normal/x86_64/CheckSymbolExists.dia -c /Users/liuwei/Desktop/GLL/freetype/build/CMakeFiles/CMakeTmp/CheckSymbolExists.c -o /System/Volumes/Data/Users/liuwei/Desktop/GLL/freetype/build/CMakeFiles/CMakeTmp/CMAKE_TRY_COMPILE.build/Debug/cmTC_de6f0.build/Objects-normal/x86_64/CheckSymbolExists.o

Ld /System/Volumes/Data/Users/liuwei/Desktop/GLL/freetype/build/CMakeFiles/CMakeTmp/Debug/cmTC_de6f0 normal x86_64
    cd /Users/liuwei/Desktop/GLL/freetype/build/CMakeFiles/CMakeTmp
    /Applications/Xcode.app/Contents/Developer/Toolchains/XcodeDefault.xctoolchain/usr/bin/clang -arch x86_64 -isysroot /Applications/Xcode.app/Contents/Developer/Platforms/MacOSX.platform/Developer/SDKs/MacOSX10.14.sdk -L/System/Volumes/Data/Users/liuwei/Desktop/GLL/freetype/build/CMakeFiles/CMakeTmp/Debug -F/System/Volumes/Data/Users/liuwei/Desktop/GLL/freetype/build/CMakeFiles/CMakeTmp/Debug -filelist /System/Volumes/Data/Users/liuwei/Desktop/GLL/freetype/build/CMakeFiles/CMakeTmp/CMAKE_TRY_COMPILE.build/Debug/cmTC_de6f0.build/Objects-normal/x86_64/cmTC_de6f0.LinkFileList -mmacosx-version-min=10.14 -Xlinker -object_path_lto -Xlinker /System/Volumes/Data/Users/liuwei/Desktop/GLL/freetype/build/CMakeFiles/CMakeTmp/CMAKE_TRY_COMPILE.build/Debug/cmTC_de6f0.build/Objects-normal/x86_64/cmTC_de6f0_lto.o -Xlinker -no_deduplicate -Wl,-search_paths_first -Wl,-headerpad_max_install_names /usr/lib/libbz2.dylib -Xlinker -dependency_info -Xlinker /System/Volumes/Data/Users/liuwei/Desktop/GLL/freetype/build/CMakeFiles/CMakeTmp/CMAKE_TRY_COMPILE.build/Debug/cmTC_de6f0.build/Objects-normal/x86_64/cmTC_de6f0_dependency_info.dat -o /System/Volumes/Data/Users/liuwei/Desktop/GLL/freetype/build/CMakeFiles/CMakeTmp/Debug/cmTC_de6f0

** BUILD SUCCEEDED **



File /System/Volumes/Data/Users/liuwei/Desktop/GLL/freetype/build/CMakeFiles/CMakeTmp/CheckSymbolExists.c:
/* */
#include <bzlib.h>

int main(int argc, char** argv)
{
  (void)argv;
#ifndef BZ2_bzCompressInit
  return ((int*)(&BZ2_bzCompressInit))[argc];
#else
  (void)argc;
  return 0;
#endif
}

Determining if the include file unistd.h exists passed with the following output:
Change Dir: /System/Volumes/Data/Users/liuwei/Desktop/GLL/freetype/build/CMakeFiles/CMakeTmp

Run Build Command(s):/usr/bin/xcodebuild -project CMAKE_TRY_COMPILE.xcodeproj build -target cmTC_b26c3 -configuration Debug -hideShellScriptEnvironment && User defaults from command line:
    HideShellScriptEnvironment = YES

Prepare build
note: Using legacy build system

=== BUILD TARGET cmTC_b26c3 OF PROJECT CMAKE_TRY_COMPILE WITH CONFIGURATION Debug ===

Check dependencies

Write auxiliary files
/bin/mkdir -p /System/Volumes/Data/Users/liuwei/Desktop/GLL/freetype/build/CMakeFiles/CMakeTmp/CMAKE_TRY_COMPILE.build/Debug/cmTC_b26c3.build/Objects-normal/x86_64
write-file /System/Volumes/Data/Users/liuwei/Desktop/GLL/freetype/build/CMakeFiles/CMakeTmp/CMAKE_TRY_COMPILE.build/Debug/cmTC_b26c3.build/Objects-normal/x86_64/cmTC_b26c3.LinkFileList

CompileC /System/Volumes/Data/Users/liuwei/Desktop/GLL/freetype/build/CMakeFiles/CMakeTmp/CMAKE_TRY_COMPILE.build/Debug/cmTC_b26c3.build/Objects-normal/x86_64/CheckIncludeFile.o CheckIncludeFile.c normal x86_64 c com.apple.compilers.llvm.clang.1_0.compiler
    cd /Users/liuwei/Desktop/GLL/freetype/build/CMakeFiles/CMakeTmp
    /Applications/Xcode.app/Contents/Developer/Toolchains/XcodeDefault.xctoolchain/usr/bin/clang -x c -arch x86_64 -fmessage-length=0 -fdiagnostics-show-note-include-stack -fmacro-backtrace-limit=0 -Wno-trigraphs -fpascal-strings -O0 -Wno-missing-field-initializers -Wno-missing-prototypes -Wno-return-type -Wno-missing-braces -Wparentheses -Wswitch -Wno-unused-function -Wno-unused-label -Wno-unused-parameter -Wno-unused-variable -Wunused-value -Wno-empty-body -Wno-uninitialized -Wno-unknown-pragmas -Wno-shadow -Wno-four-char-constants -Wno-conversion -Wno-constant-conversion -Wno-int-conversion -Wno-bool-conversion -Wno-enum-conversion -Wno-float-conversion -Wno-non-literal-null-conversion -Wno-objc-literal-conversion -Wno-shorten-64-to-32 -Wpointer-sign -Wno-newline-eof -DCMAKE_INTDIR=\"Debug\" -isysroot /Applications/Xcode.app/Contents/Developer/Platforms/MacOSX.platform/Developer/SDKs/MacOSX10.14.sdk -fasm-blocks -fstrict-aliasing -Wdeprecated-declarations -mmacosx-version-min=10.14 -g -Wno-sign-conversion -Wno-infinite-recursion -Wno-comma -Wno-block-capture-autoreleasing -Wno-strict-prototypes -Wno-semicolon-before-method-body -I/System/Volumes/Data/Users/liuwei/Desktop/GLL/freetype/build/CMakeFiles/CMakeTmp/Debug/include -I/System/Volumes/Data/Users/liuwei/Desktop/GLL/freetype/build/CMakeFiles/CMakeTmp/CMAKE_TRY_COMPILE.build/Debug/cmTC_b26c3.build/DerivedSources-normal/x86_64 -I/System/Volumes/Data/Users/liuwei/Desktop/GLL/freetype/build/CMakeFiles/CMakeTmp/CMAKE_TRY_COMPILE.build/Debug/cmTC_b26c3.build/DerivedSources/x86_64 -I/System/Volumes/Data/Users/liuwei/Desktop/GLL/freetype/build/CMakeFiles/CMakeTmp/CMAKE_TRY_COMPILE.build/Debug/cmTC_b26c3.build/DerivedSources -Wmost -Wno-four-char-constants -Wno-unknown-pragmas -F/System/Volumes/Data/Users/liuwei/Desktop/GLL/freetype/build/CMakeFiles/CMakeTmp/Debug -MMD -MT dependencies -MF /System/Volumes/Data/Users/liuwei/Desktop/GLL/freetype/build/CMakeFiles/CMakeTmp/CMAKE_TRY_COMPILE.build/Debug/cmTC_b26c3.build/Objects-normal/x86_64/CheckIncludeFile.d --serialize-diagnostics /System/Volumes/Data/Users/liuwei/Desktop/GLL/freetype/build/CMakeFiles/CMakeTmp/CMAKE_TRY_COMPILE.build/Debug/cmTC_b26c3.build/Objects-normal/x86_64/CheckIncludeFile.dia -c /Users/liuwei/Desktop/GLL/freetype/build/CMakeFiles/CMakeTmp/CheckIncludeFile.c -o /System/Volumes/Data/Users/liuwei/Desktop/GLL/freetype/build/CMakeFiles/CMakeTmp/CMAKE_TRY_COMPILE.build/Debug/cmTC_b26c3.build/Objects-normal/x86_64/CheckIncludeFile.o

Ld /System/Volumes/Data/Users/liuwei/Desktop/GLL/freetype/build/CMakeFiles/CMakeTmp/Debug/cmTC_b26c3 normal x86_64
    cd /Users/liuwei/Desktop/GLL/freetype/build/CMakeFiles/CMakeTmp
    /Applications/Xcode.app/Contents/Developer/Toolchains/XcodeDefault.xctoolchain/usr/bin/clang -arch x86_64 -isysroot /Applications/Xcode.app/Contents/Developer/Platforms/MacOSX.platform/Developer/SDKs/MacOSX10.14.sdk -L/System/Volumes/Data/Users/liuwei/Desktop/GLL/freetype/build/CMakeFiles/CMakeTmp/Debug -F/System/Volumes/Data/Users/liuwei/Desktop/GLL/freetype/build/CMakeFiles/CMakeTmp/Debug -filelist /System/Volumes/Data/Users/liuwei/Desktop/GLL/freetype/build/CMakeFiles/CMakeTmp/CMAKE_TRY_COMPILE.build/Debug/cmTC_b26c3.build/Objects-normal/x86_64/cmTC_b26c3.LinkFileList -mmacosx-version-min=10.14 -Xlinker -object_path_lto -Xlinker /System/Volumes/Data/Users/liuwei/Desktop/GLL/freetype/build/CMakeFiles/CMakeTmp/CMAKE_TRY_COMPILE.build/Debug/cmTC_b26c3.build/Objects-normal/x86_64/cmTC_b26c3_lto.o -Xlinker -no_deduplicate -Wl,-search_paths_first -Wl,-headerpad_max_install_names -Xlinker -dependency_info -Xlinker /System/Volumes/Data/Users/liuwei/Desktop/GLL/freetype/build/CMakeFiles/CMakeTmp/CMAKE_TRY_COMPILE.build/Debug/cmTC_b26c3.build/Objects-normal/x86_64/cmTC_b26c3_dependency_info.dat -o /System/Volumes/Data/Users/liuwei/Desktop/GLL/freetype/build/CMakeFiles/CMakeTmp/Debug/cmTC_b26c3

** BUILD SUCCEEDED **




Determining if the include file fcntl.h exists passed with the following output:
Change Dir: /System/Volumes/Data/Users/liuwei/Desktop/GLL/freetype/build/CMakeFiles/CMakeTmp

Run Build Command(s):/usr/bin/xcodebuild -project CMAKE_TRY_COMPILE.xcodeproj build -target cmTC_36495 -configuration Debug -hideShellScriptEnvironment && User defaults from command line:
    HideShellScriptEnvironment = YES

Prepare build
note: Using legacy build system

=== BUILD TARGET cmTC_36495 OF PROJECT CMAKE_TRY_COMPILE WITH CONFIGURATION Debug ===

Check dependencies

Write auxiliary files
/bin/mkdir -p /System/Volumes/Data/Users/liuwei/Desktop/GLL/freetype/build/CMakeFiles/CMakeTmp/CMAKE_TRY_COMPILE.build/Debug/cmTC_36495.build/Objects-normal/x86_64
write-file /System/Volumes/Data/Users/liuwei/Desktop/GLL/freetype/build/CMakeFiles/CMakeTmp/CMAKE_TRY_COMPILE.build/Debug/cmTC_36495.build/Objects-normal/x86_64/cmTC_36495.LinkFileList

CompileC /System/Volumes/Data/Users/liuwei/Desktop/GLL/freetype/build/CMakeFiles/CMakeTmp/CMAKE_TRY_COMPILE.build/Debug/cmTC_36495.build/Objects-normal/x86_64/CheckIncludeFile.o CheckIncludeFile.c normal x86_64 c com.apple.compilers.llvm.clang.1_0.compiler
    cd /Users/liuwei/Desktop/GLL/freetype/build/CMakeFiles/CMakeTmp
    /Applications/Xcode.app/Contents/Developer/Toolchains/XcodeDefault.xctoolchain/usr/bin/clang -x c -arch x86_64 -fmessage-length=0 -fdiagnostics-show-note-include-stack -fmacro-backtrace-limit=0 -Wno-trigraphs -fpascal-strings -O0 -Wno-missing-field-initializers -Wno-missing-prototypes -Wno-return-type -Wno-missing-braces -Wparentheses -Wswitch -Wno-unused-function -Wno-unused-label -Wno-unused-parameter -Wno-unused-variable -Wunused-value -Wno-empty-body -Wno-uninitialized -Wno-unknown-pragmas -Wno-shadow -Wno-four-char-constants -Wno-conversion -Wno-constant-conversion -Wno-int-conversion -Wno-bool-conversion -Wno-enum-conversion -Wno-float-conversion -Wno-non-literal-null-conversion -Wno-objc-literal-conversion -Wno-shorten-64-to-32 -Wpointer-sign -Wno-newline-eof -DCMAKE_INTDIR=\"Debug\" -isysroot /Applications/Xcode.app/Contents/Developer/Platforms/MacOSX.platform/Developer/SDKs/MacOSX10.14.sdk -fasm-blocks -fstrict-aliasing -Wdeprecated-declarations -mmacosx-version-min=10.14 -g -Wno-sign-conversion -Wno-infinite-recursion -Wno-comma -Wno-block-capture-autoreleasing -Wno-strict-prototypes -Wno-semicolon-before-method-body -I/System/Volumes/Data/Users/liuwei/Desktop/GLL/freetype/build/CMakeFiles/CMakeTmp/Debug/include -I/System/Volumes/Data/Users/liuwei/Desktop/GLL/freetype/build/CMakeFiles/CMakeTmp/CMAKE_TRY_COMPILE.build/Debug/cmTC_36495.build/DerivedSources-normal/x86_64 -I/System/Volumes/Data/Users/liuwei/Desktop/GLL/freetype/build/CMakeFiles/CMakeTmp/CMAKE_TRY_COMPILE.build/Debug/cmTC_36495.build/DerivedSources/x86_64 -I/System/Volumes/Data/Users/liuwei/Desktop/GLL/freetype/build/CMakeFiles/CMakeTmp/CMAKE_TRY_COMPILE.build/Debug/cmTC_36495.build/DerivedSources -Wmost -Wno-four-char-constants -Wno-unknown-pragmas -F/System/Volumes/Data/Users/liuwei/Desktop/GLL/freetype/build/CMakeFiles/CMakeTmp/Debug -MMD -MT dependencies -MF /System/Volumes/Data/Users/liuwei/Desktop/GLL/freetype/build/CMakeFiles/CMakeTmp/CMAKE_TRY_COMPILE.build/Debug/cmTC_36495.build/Objects-normal/x86_64/CheckIncludeFile.d --serialize-diagnostics /System/Volumes/Data/Users/liuwei/Desktop/GLL/freetype/build/CMakeFiles/CMakeTmp/CMAKE_TRY_COMPILE.build/Debug/cmTC_36495.build/Objects-normal/x86_64/CheckIncludeFile.dia -c /Users/liuwei/Desktop/GLL/freetype/build/CMakeFiles/CMakeTmp/CheckIncludeFile.c -o /System/Volumes/Data/Users/liuwei/Desktop/GLL/freetype/build/CMakeFiles/CMakeTmp/CMAKE_TRY_COMPILE.build/Debug/cmTC_36495.build/Objects-normal/x86_64/CheckIncludeFile.o

Ld /System/Volumes/Data/Users/liuwei/Desktop/GLL/freetype/build/CMakeFiles/CMakeTmp/Debug/cmTC_36495 normal x86_64
    cd /Users/liuwei/Desktop/GLL/freetype/build/CMakeFiles/CMakeTmp
    /Applications/Xcode.app/Contents/Developer/Toolchains/XcodeDefault.xctoolchain/usr/bin/clang -arch x86_64 -isysroot /Applications/Xcode.app/Contents/Developer/Platforms/MacOSX.platform/Developer/SDKs/MacOSX10.14.sdk -L/System/Volumes/Data/Users/liuwei/Desktop/GLL/freetype/build/CMakeFiles/CMakeTmp/Debug -F/System/Volumes/Data/Users/liuwei/Desktop/GLL/freetype/build/CMakeFiles/CMakeTmp/Debug -filelist /System/Volumes/Data/Users/liuwei/Desktop/GLL/freetype/build/CMakeFiles/CMakeTmp/CMAKE_TRY_COMPILE.build/Debug/cmTC_36495.build/Objects-normal/x86_64/cmTC_36495.LinkFileList -mmacosx-version-min=10.14 -Xlinker -object_path_lto -Xlinker /System/Volumes/Data/Users/liuwei/Desktop/GLL/freetype/build/CMakeFiles/CMakeTmp/CMAKE_TRY_COMPILE.build/Debug/cmTC_36495.build/Objects-normal/x86_64/cmTC_36495_lto.o -Xlinker -no_deduplicate -Wl,-search_paths_first -Wl,-headerpad_max_install_names -Xlinker -dependency_info -Xlinker /System/Volumes/Data/Users/liuwei/Desktop/GLL/freetype/build/CMakeFiles/CMakeTmp/CMAKE_TRY_COMPILE.build/Debug/cmTC_36495.build/Objects-normal/x86_64/cmTC_36495_dependency_info.dat -o /System/Volumes/Data/Users/liuwei/Desktop/GLL/freetype/build/CMakeFiles/CMakeTmp/Debug/cmTC_36495

** BUILD SUCCEEDED **




Determining if the include file stdint.h exists passed with the following output:
Change Dir: /System/Volumes/Data/Users/liuwei/Desktop/GLL/freetype/build/CMakeFiles/CMakeTmp

Run Build Command(s):/usr/bin/xcodebuild -project CMAKE_TRY_COMPILE.xcodeproj build -target cmTC_9fb87 -configuration Debug -hideShellScriptEnvironment && User defaults from command line:
    HideShellScriptEnvironment = YES

Prepare build
note: Using legacy build system

=== BUILD TARGET cmTC_9fb87 OF PROJECT CMAKE_TRY_COMPILE WITH CONFIGURATION Debug ===

Check dependencies

Write auxiliary files
/bin/mkdir -p /System/Volumes/Data/Users/liuwei/Desktop/GLL/freetype/build/CMakeFiles/CMakeTmp/CMAKE_TRY_COMPILE.build/Debug/cmTC_9fb87.build/Objects-normal/x86_64
write-file /System/Volumes/Data/Users/liuwei/Desktop/GLL/freetype/build/CMakeFiles/CMakeTmp/CMAKE_TRY_COMPILE.build/Debug/cmTC_9fb87.build/Objects-normal/x86_64/cmTC_9fb87.LinkFileList

CompileC /System/Volumes/Data/Users/liuwei/Desktop/GLL/freetype/build/CMakeFiles/CMakeTmp/CMAKE_TRY_COMPILE.build/Debug/cmTC_9fb87.build/Objects-normal/x86_64/CheckIncludeFile.o CheckIncludeFile.c normal x86_64 c com.apple.compilers.llvm.clang.1_0.compiler
    cd /Users/liuwei/Desktop/GLL/freetype/build/CMakeFiles/CMakeTmp
    /Applications/Xcode.app/Contents/Developer/Toolchains/XcodeDefault.xctoolchain/usr/bin/clang -x c -arch x86_64 -fmessage-length=0 -fdiagnostics-show-note-include-stack -fmacro-backtrace-limit=0 -Wno-trigraphs -fpascal-strings -O0 -Wno-missing-field-initializers -Wno-missing-prototypes -Wno-return-type -Wno-missing-braces -Wparentheses -Wswitch -Wno-unused-function -Wno-unused-label -Wno-unused-parameter -Wno-unused-variable -Wunused-value -Wno-empty-body -Wno-uninitialized -Wno-unknown-pragmas -Wno-shadow -Wno-four-char-constants -Wno-conversion -Wno-constant-conversion -Wno-int-conversion -Wno-bool-conversion -Wno-enum-conversion -Wno-float-conversion -Wno-non-literal-null-conversion -Wno-objc-literal-conversion -Wno-shorten-64-to-32 -Wpointer-sign -Wno-newline-eof -DCMAKE_INTDIR=\"Debug\" -isysroot /Applications/Xcode.app/Contents/Developer/Platforms/MacOSX.platform/Developer/SDKs/MacOSX10.14.sdk -fasm-blocks -fstrict-aliasing -Wdeprecated-declarations -mmacosx-version-min=10.14 -g -Wno-sign-conversion -Wno-infinite-recursion -Wno-comma -Wno-block-capture-autoreleasing -Wno-strict-prototypes -Wno-semicolon-before-method-body -I/System/Volumes/Data/Users/liuwei/Desktop/GLL/freetype/build/CMakeFiles/CMakeTmp/Debug/include -I/System/Volumes/Data/Users/liuwei/Desktop/GLL/freetype/build/CMakeFiles/CMakeTmp/CMAKE_TRY_COMPILE.build/Debug/cmTC_9fb87.build/DerivedSources-normal/x86_64 -I/System/Volumes/Data/Users/liuwei/Desktop/GLL/freetype/build/CMakeFiles/CMakeTmp/CMAKE_TRY_COMPILE.build/Debug/cmTC_9fb87.build/DerivedSources/x86_64 -I/System/Volumes/Data/Users/liuwei/Desktop/GLL/freetype/build/CMakeFiles/CMakeTmp/CMAKE_TRY_COMPILE.build/Debug/cmTC_9fb87.build/DerivedSources -Wmost -Wno-four-char-constants -Wno-unknown-pragmas -F/System/Volumes/Data/Users/liuwei/Desktop/GLL/freetype/build/CMakeFiles/CMakeTmp/Debug -MMD -MT dependencies -MF /System/Volumes/Data/Users/liuwei/Desktop/GLL/freetype/build/CMakeFiles/CMakeTmp/CMAKE_TRY_COMPILE.build/Debug/cmTC_9fb87.build/Objects-normal/x86_64/CheckIncludeFile.d --serialize-diagnostics /System/Volumes/Data/Users/liuwei/Desktop/GLL/freetype/build/CMakeFiles/CMakeTmp/CMAKE_TRY_COMPILE.build/Debug/cmTC_9fb87.build/Objects-normal/x86_64/CheckIncludeFile.dia -c /Users/liuwei/Desktop/GLL/freetype/build/CMakeFiles/CMakeTmp/CheckIncludeFile.c -o /System/Volumes/Data/Users/liuwei/Desktop/GLL/freetype/build/CMakeFiles/CMakeTmp/CMAKE_TRY_COMPILE.build/Debug/cmTC_9fb87.build/Objects-normal/x86_64/CheckIncludeFile.o

Ld /System/Volumes/Data/Users/liuwei/Desktop/GLL/freetype/build/CMakeFiles/CMakeTmp/Debug/cmTC_9fb87 normal x86_64
    cd /Users/liuwei/Desktop/GLL/freetype/build/CMakeFiles/CMakeTmp
    /Applications/Xcode.app/Contents/Developer/Toolchains/XcodeDefault.xctoolchain/usr/bin/clang -arch x86_64 -isysroot /Applications/Xcode.app/Contents/Developer/Platforms/MacOSX.platform/Developer/SDKs/MacOSX10.14.sdk -L/System/Volumes/Data/Users/liuwei/Desktop/GLL/freetype/build/CMakeFiles/CMakeTmp/Debug -F/System/Volumes/Data/Users/liuwei/Desktop/GLL/freetype/build/CMakeFiles/CMakeTmp/Debug -filelist /System/Volumes/Data/Users/liuwei/Desktop/GLL/freetype/build/CMakeFiles/CMakeTmp/CMAKE_TRY_COMPILE.build/Debug/cmTC_9fb87.build/Objects-normal/x86_64/cmTC_9fb87.LinkFileList -mmacosx-version-min=10.14 -Xlinker -object_path_lto -Xlinker /System/Volumes/Data/Users/liuwei/Desktop/GLL/freetype/build/CMakeFiles/CMakeTmp/CMAKE_TRY_COMPILE.build/Debug/cmTC_9fb87.build/Objects-normal/x86_64/cmTC_9fb87_lto.o -Xlinker -no_deduplicate -Wl,-search_paths_first -Wl,-headerpad_max_install_names -Xlinker -dependency_info -Xlinker /System/Volumes/Data/Users/liuwei/Desktop/GLL/freetype/build/CMakeFiles/CMakeTmp/CMAKE_TRY_COMPILE.build/Debug/cmTC_9fb87.build/Objects-normal/x86_64/cmTC_9fb87_dependency_info.dat -o /System/Volumes/Data/Users/liuwei/Desktop/GLL/freetype/build/CMakeFiles/CMakeTmp/Debug/cmTC_9fb87

** BUILD SUCCEEDED **




